0 info it worked if it ends with ok
1 verbose cli [ 'C:\\Program Files\\nodejs\\node.exe',
1 verbose cli   'C:\\Program Files\\nodejs\\node_modules\\npm\\bin\\npm-cli.js',
1 verbose cli   'run',
1 verbose cli   'seeders' ]
2 info using npm@3.10.10
3 info using node@v6.10.2
4 verbose run-script [ 'preseeders', 'seeders', 'postseeders' ]
5 info lifecycle backend@1.0.0~preseeders: backend@1.0.0
6 silly lifecycle backend@1.0.0~preseeders: no script for preseeders, continuing
7 info lifecycle backend@1.0.0~seeders: backend@1.0.0
8 verbose lifecycle backend@1.0.0~seeders: unsafe-perm in lifecycle true
9 verbose lifecycle backend@1.0.0~seeders: PATH: C:\Program Files\nodejs\node_modules\npm\bin\node-gyp-bin;D:\Projects\pwa\server\node_modules\.bin;C:\Program Files (x86)\Common Files\Oracle\Java\javapath;C:\ProgramData\Oracle\Java\javapath;C:\WINDOWS\system32;C:\WINDOWS;C:\WINDOWS\System32\Wbem;C:\WINDOWS\System32\WindowsPowerShell\v1.0\;git_binary;C:\Program Files\Git\cmd;C:\Program Files\PuTTY\;C:\Program Files\nodejs\;C:\Program Files (x86)\Windows Kits\8.1\Windows Performance Toolkit\;C:\WINDOWS\System32\OpenSSH\;C:\Program Files\Microsoft VS Code\bin;C:\Program Files (x86)\Brackets\command;C:\Users\Omar\AppData\Local\Programs\Python\Python37\Scripts\;C:\Users\Omar\AppData\Local\Programs\Python\Python37\;C:\Users\Omar\AppData\Local\Microsoft\WindowsApps;C:\Users\Omar\AppData\Roaming\npm;C:\Users\Omar\AppData\Local\Programs\Microsoft VS Code\bin
10 verbose lifecycle backend@1.0.0~seeders: CWD: D:\Projects\pwa\server
11 silly lifecycle backend@1.0.0~seeders: Args: [ '/d /s /c',
11 silly lifecycle   'sequelize db:seed:all --seeders-path seeders --config lib/config-seeders.js' ]
12 silly lifecycle backend@1.0.0~seeders: Returned: code: 1  signal: null
13 info lifecycle backend@1.0.0~seeders: Failed to exec seeders script
14 verbose stack Error: backend@1.0.0 seeders: `sequelize db:seed:all --seeders-path seeders --config lib/config-seeders.js`
14 verbose stack Exit status 1
14 verbose stack     at EventEmitter.<anonymous> (C:\Program Files\nodejs\node_modules\npm\lib\utils\lifecycle.js:255:16)
14 verbose stack     at emitTwo (events.js:106:13)
14 verbose stack     at EventEmitter.emit (events.js:191:7)
14 verbose stack     at ChildProcess.<anonymous> (C:\Program Files\nodejs\node_modules\npm\lib\utils\spawn.js:40:14)
14 verbose stack     at emitTwo (events.js:106:13)
14 verbose stack     at ChildProcess.emit (events.js:191:7)
14 verbose stack     at maybeClose (internal/child_process.js:886:16)
14 verbose stack     at Process.ChildProcess._handle.onexit (internal/child_process.js:226:5)
15 verbose pkgid backend@1.0.0
16 verbose cwd D:\Projects\pwa\server\public\scores
17 error Windows_NT 10.0.17134
18 error argv "C:\\Program Files\\nodejs\\node.exe" "C:\\Program Files\\nodejs\\node_modules\\npm\\bin\\npm-cli.js" "run" "seeders"
19 error node v6.10.2
20 error npm  v3.10.10
21 error code ELIFECYCLE
22 error backend@1.0.0 seeders: `sequelize db:seed:all --seeders-path seeders --config lib/config-seeders.js`
22 error Exit status 1
23 error Failed at the backend@1.0.0 seeders script 'sequelize db:seed:all --seeders-path seeders --config lib/config-seeders.js'.
23 error Make sure you have the latest version of node.js and npm installed.
23 error If you do, this is most likely a problem with the backend package,
23 error not with npm itself.
23 error Tell the author that this fails on your system:
23 error     sequelize db:seed:all --seeders-path seeders --config lib/config-seeders.js
23 error You can get information on how to open an issue for this project with:
23 error     npm bugs backend
23 error Or if that isn't available, you can get their info via:
23 error     npm owner ls backend
23 error There is likely additional logging output above.
24 verbose exit [ 1, true ]
